{"name": "Авторизация пользователя в аккуаунте", "status": "broken", "statusDetails": {"message": "selenium.common.exceptions.TimeoutException: Message: \nStacktrace:\nRemoteError@chrome://remote/content/shared/RemoteError.sys.mjs:8:8\nWebDriverError@chrome://remote/content/shared/webdriver/Errors.sys.mjs:193:5\nNoSuchElementError@chrome://remote/content/shared/webdriver/Errors.sys.mjs:511:5\ndom.find/</<@chrome://remote/content/shared/DOM.sys.mjs:136:16", "trace": "self = <test_account_page.TestAccountPage object at 0x00000215785EF4A0>, data_new3 = {'email': 'william84@example.org', 'name': 'Cynthia', 'password': '_!4KtkhTN%'}\ndriver_double = <selenium.webdriver.firefox.webdriver.WebDriver (session=\"aa2913d2-77a3-466b-a7e1-fc1f3eaab520\")>\n\n    @allure.title(\"Авторизация пользователя в аккуаунте\")\n    def test_login_account(self, data_new3, driver_double):\n        basepage = BasePage(driver_double)\n        basepage.click_button_login_account()\n        login = LoginPage(driver_double)\n        login.enter_login_password(data_new3)\n>       basepage.wait_active_create_order_click_account()\n\ntests\\test_account_page.py:15: \n_ _ _ _ _ _ _ _ _ _ _ _ _ _ _ _ _ _ _ _ _ _ _ _ _ _ _ _ _ _ _ _ _ _ _ _ _ _ _ _ _ _ _ _ _ _ _ _ _ _ _ _ _ _ _ _ _ _ _ _ _ _ _ _ _ _ _ _ _ _ _ _ _ _ _ _ _ _ _ _ _ _ _ _ _ _ _ _ _ _ _ _ _ _ _ _ _ _ _ _ _ _ \npages\\base_page.py:171: in wait_active_create_order_click_account\n    self.wait_create_order_active()\npages\\base_page.py:129: in wait_create_order_active\n    WebDriverWait(self.driver, 30).until(\n_ _ _ _ _ _ _ _ _ _ _ _ _ _ _ _ _ _ _ _ _ _ _ _ _ _ _ _ _ _ _ _ _ _ _ _ _ _ _ _ _ _ _ _ _ _ _ _ _ _ _ _ _ _ _ _ _ _ _ _ _ _ _ _ _ _ _ _ _ _ _ _ _ _ _ _ _ _ _ _ _ _ _ _ _ _ _ _ _ _ _ _ _ _ _ _ _ _ _ _ _ _ \n\nself = <selenium.webdriver.support.wait.WebDriverWait (session=\"aa2913d2-77a3-466b-a7e1-fc1f3eaab520\")>, method = <function element_to_be_clickable.<locals>._predicate at 0x000002157B8FFA60>, message = ''\n\n    def until(self, method: Callable[[D], Union[Literal[False], T]], message: str = \"\") -> T:\n        \"\"\"Calls the method provided with the driver as an argument until the \\\n        return value does not evaluate to ``False``.\n    \n        :param method: callable(WebDriver)\n        :param message: optional message for :exc:`TimeoutException`\n        :returns: the result of the last call to `method`\n        :raises: :exc:`selenium.common.exceptions.TimeoutException` if timeout occurs\n        \"\"\"\n        screen = None\n        stacktrace = None\n    \n        end_time = time.monotonic() + self._timeout\n        while True:\n            try:\n                value = method(self._driver)\n                if value:\n                    return value\n            except self._ignored_exceptions as exc:\n                screen = getattr(exc, \"screen\", None)\n                stacktrace = getattr(exc, \"stacktrace\", None)\n            time.sleep(self._poll)\n            if time.monotonic() > end_time:\n                break\n>       raise TimeoutException(message, screen, stacktrace)\nE       selenium.common.exceptions.TimeoutException: Message: \nE       Stacktrace:\nE       RemoteError@chrome://remote/content/shared/RemoteError.sys.mjs:8:8\nE       WebDriverError@chrome://remote/content/shared/webdriver/Errors.sys.mjs:193:5\nE       NoSuchElementError@chrome://remote/content/shared/webdriver/Errors.sys.mjs:511:5\nE       dom.find/</<@chrome://remote/content/shared/DOM.sys.mjs:136:16\n\n.venv\\Lib\\site-packages\\selenium\\webdriver\\support\\wait.py:105: TimeoutException"}, "steps": [{"name": "Нажать на кнопку 'Войти в аккаунт'", "status": "passed", "start": 1720286723556, "stop": 1720286723801}, {"name": "Заполнить логин и пароль и войти в аккаунт", "status": "passed", "steps": [{"name": "Заполнить поле \"Email\"", "status": "passed", "parameters": [{"name": "email", "value": "'william84@example.org'"}], "start": 1720286723801, "stop": 1720286723848}, {"name": "Заполнить поле \"Пароль\"", "status": "passed", "parameters": [{"name": "password", "value": "'_!4KtkhTN%'"}], "start": 1720286723848, "stop": 1720286723860}, {"name": "Подождать, что кнопка Вход активна", "status": "passed", "start": 1720286723860, "stop": 1720286723871}, {"name": "Нажать на кнопку \"Войти\"", "status": "passed", "start": 1720286723871, "stop": 1720286724081}], "parameters": [{"name": "data_new3", "value": "{'email': 'william84@example.org', 'password': '_!4KtkhTN%', 'name': 'Cynthia'}"}], "start": 1720286723801, "stop": 1720286724081}, {"name": "Ожидание что кнопка личный кабиент будет активна и нажать на кнопку", "status": "broken", "statusDetails": {"message": "selenium.common.exceptions.TimeoutException: Message: \nStacktrace:\nRemoteError@chrome://remote/content/shared/RemoteError.sys.mjs:8:8\nWebDriverError@chrome://remote/content/shared/webdriver/Errors.sys.mjs:193:5\nNoSuchElementError@chrome://remote/content/shared/webdriver/Errors.sys.mjs:511:5\ndom.find/</<@chrome://remote/content/shared/DOM.sys.mjs:136:16\n\n", "trace": "  File \"G:\\Diplom_Roman_Zogol_8\\Diplom_3\\.venv\\Lib\\site-packages\\allure_commons\\_allure.py\", line 192, in impl\n    return func(*a, **kw)\n           ^^^^^^^^^^^^^^\n  File \"G:\\Diplom_Roman_Zogol_8\\Diplom_3\\pages\\base_page.py\", line 171, in wait_active_create_order_click_account\n    self.wait_create_order_active()\n  File \"G:\\Diplom_Roman_Zogol_8\\Diplom_3\\.venv\\Lib\\site-packages\\allure_commons\\_allure.py\", line 192, in impl\n    return func(*a, **kw)\n           ^^^^^^^^^^^^^^\n  File \"G:\\Diplom_Roman_Zogol_8\\Diplom_3\\pages\\base_page.py\", line 129, in wait_create_order_active\n    WebDriverWait(self.driver, 30).until(\n  File \"G:\\Diplom_Roman_Zogol_8\\Diplom_3\\.venv\\Lib\\site-packages\\selenium\\webdriver\\support\\wait.py\", line 105, in until\n    raise TimeoutException(message, screen, stacktrace)\n"}, "steps": [{"name": "Ожидание что создание заказа будет активно", "status": "broken", "statusDetails": {"message": "selenium.common.exceptions.TimeoutException: Message: \nStacktrace:\nRemoteError@chrome://remote/content/shared/RemoteError.sys.mjs:8:8\nWebDriverError@chrome://remote/content/shared/webdriver/Errors.sys.mjs:193:5\nNoSuchElementError@chrome://remote/content/shared/webdriver/Errors.sys.mjs:511:5\ndom.find/</<@chrome://remote/content/shared/DOM.sys.mjs:136:16\n\n", "trace": "  File \"G:\\Diplom_Roman_Zogol_8\\Diplom_3\\.venv\\Lib\\site-packages\\allure_commons\\_allure.py\", line 192, in impl\n    return func(*a, **kw)\n           ^^^^^^^^^^^^^^\n  File \"G:\\Diplom_Roman_Zogol_8\\Diplom_3\\pages\\base_page.py\", line 129, in wait_create_order_active\n    WebDriverWait(self.driver, 30).until(\n  File \"G:\\Diplom_Roman_Zogol_8\\Diplom_3\\.venv\\Lib\\site-packages\\selenium\\webdriver\\support\\wait.py\", line 105, in until\n    raise TimeoutException(message, screen, stacktrace)\n"}, "start": 1720286724081, "stop": 1720286754552}], "start": 1720286724081, "stop": 1720286754554}], "parameters": [{"name": "driver_double", "value": "'firefox'"}], "start": 1720286723556, "stop": 1720286754554, "uuid": "a5defdeb-3c41-4595-8bd3-9afe39a965b9", "historyId": "d8c42df1228e4d26e5f6f27b34838777", "testCaseId": "cc44c51f846d9198826563dd181af279", "fullName": "tests.test_account_page.TestAccountPage#test_login_account", "labels": [{"name": "parentSuite", "value": "tests"}, {"name": "suite", "value": "test_account_page"}, {"name": "subSuite", "value": "TestAccountPage"}, {"name": "host", "value": "DESKTOP-4LHP98R"}, {"name": "thread", "value": "14828-MainThread"}, {"name": "framework", "value": "pytest"}, {"name": "language", "value": "cpython3"}, {"name": "package", "value": "tests.test_account_page"}]}