{"name": "при создании нового заказа счётчик Выполнено за сегодня увеличивается", "status": "broken", "statusDetails": {"message": "selenium.common.exceptions.TimeoutException: Message: \nStacktrace:\nRemoteError@chrome://remote/content/shared/RemoteError.sys.mjs:8:8\nWebDriverError@chrome://remote/content/shared/webdriver/Errors.sys.mjs:193:5\nNoSuchElementError@chrome://remote/content/shared/webdriver/Errors.sys.mjs:511:5\ndom.find/</<@chrome://remote/content/shared/DOM.sys.mjs:136:16", "trace": "self = <test_order_list_page.TestOrdersList object at 0x00000131014176E0>, data_new3 = {'email': 'qdavis@example.org', 'name': 'John', 'password': 'V_1pzpZhKJ'}\ndriver_double = <selenium.webdriver.firefox.webdriver.WebDriver (session=\"2a1aa21f-e383-4191-b325-795ef5e415d9\")>\n\n    @allure.title(\"при создании нового заказа счётчик Выполнено за сегодня увеличивается\")\n    def test_order_today_count_plus(self, data_new3, driver_double):\n        basepage = BasePage(driver_double)\n        basepage.click_button_login_account()\n        login = LoginPage(driver_double)\n        login.enter_login_password(data_new3)\n>       basepage.wait_create_order_active()\n\ntests\\test_order_list_page.py:67: \n_ _ _ _ _ _ _ _ _ _ _ _ _ _ _ _ _ _ _ _ _ _ _ _ _ _ _ _ _ _ _ _ _ _ _ _ _ _ _ _ _ _ _ _ _ _ _ _ _ _ _ _ _ _ _ _ _ _ _ _ _ _ _ _ _ _ _ _ _ _ _ _ _ _ _ _ _ _ _ _ _ _ _ _ _ _ _ _ _ _ _ _ _ _ _ _ _ _ _ _ _ _ \npages\\base_page.py:129: in wait_create_order_active\n    WebDriverWait(self.driver, 30).until(\n_ _ _ _ _ _ _ _ _ _ _ _ _ _ _ _ _ _ _ _ _ _ _ _ _ _ _ _ _ _ _ _ _ _ _ _ _ _ _ _ _ _ _ _ _ _ _ _ _ _ _ _ _ _ _ _ _ _ _ _ _ _ _ _ _ _ _ _ _ _ _ _ _ _ _ _ _ _ _ _ _ _ _ _ _ _ _ _ _ _ _ _ _ _ _ _ _ _ _ _ _ _ \n\nself = <selenium.webdriver.support.wait.WebDriverWait (session=\"2a1aa21f-e383-4191-b325-795ef5e415d9\")>, method = <function element_to_be_clickable.<locals>._predicate at 0x00000131018787C0>, message = ''\n\n    def until(self, method: Callable[[D], Union[Literal[False], T]], message: str = \"\") -> T:\n        \"\"\"Calls the method provided with the driver as an argument until the \\\n        return value does not evaluate to ``False``.\n    \n        :param method: callable(WebDriver)\n        :param message: optional message for :exc:`TimeoutException`\n        :returns: the result of the last call to `method`\n        :raises: :exc:`selenium.common.exceptions.TimeoutException` if timeout occurs\n        \"\"\"\n        screen = None\n        stacktrace = None\n    \n        end_time = time.monotonic() + self._timeout\n        while True:\n            try:\n                value = method(self._driver)\n                if value:\n                    return value\n            except self._ignored_exceptions as exc:\n                screen = getattr(exc, \"screen\", None)\n                stacktrace = getattr(exc, \"stacktrace\", None)\n            time.sleep(self._poll)\n            if time.monotonic() > end_time:\n                break\n>       raise TimeoutException(message, screen, stacktrace)\nE       selenium.common.exceptions.TimeoutException: Message: \nE       Stacktrace:\nE       RemoteError@chrome://remote/content/shared/RemoteError.sys.mjs:8:8\nE       WebDriverError@chrome://remote/content/shared/webdriver/Errors.sys.mjs:193:5\nE       NoSuchElementError@chrome://remote/content/shared/webdriver/Errors.sys.mjs:511:5\nE       dom.find/</<@chrome://remote/content/shared/DOM.sys.mjs:136:16\n\n.venv\\Lib\\site-packages\\selenium\\webdriver\\support\\wait.py:105: TimeoutException"}, "steps": [{"name": "Нажать на кнопку 'Войти в аккаунт'", "status": "passed", "start": 1720288558080, "stop": 1720288558322}, {"name": "Заполнить логин и пароль и войти в аккаунт", "status": "passed", "steps": [{"name": "Заполнить поле \"Email\"", "status": "passed", "parameters": [{"name": "email", "value": "'qdavis@example.org'"}], "start": 1720288558322, "stop": 1720288558359}, {"name": "Заполнить поле \"Пароль\"", "status": "passed", "parameters": [{"name": "password", "value": "'V_1pzpZhKJ'"}], "start": 1720288558359, "stop": 1720288558372}, {"name": "Подождать, что кнопка Вход активна", "status": "passed", "start": 1720288558372, "stop": 1720288558382}, {"name": "Нажать на кнопку \"Войти\"", "status": "passed", "start": 1720288558382, "stop": 1720288558593}], "parameters": [{"name": "data_new3", "value": "{'email': 'qdavis@example.org', 'password': 'V_1pzpZhKJ', 'name': 'John'}"}], "start": 1720288558322, "stop": 1720288558593}, {"name": "Ожидание что создание заказа будет активно", "status": "broken", "statusDetails": {"message": "selenium.common.exceptions.TimeoutException: Message: \nStacktrace:\nRemoteError@chrome://remote/content/shared/RemoteError.sys.mjs:8:8\nWebDriverError@chrome://remote/content/shared/webdriver/Errors.sys.mjs:193:5\nNoSuchElementError@chrome://remote/content/shared/webdriver/Errors.sys.mjs:511:5\ndom.find/</<@chrome://remote/content/shared/DOM.sys.mjs:136:16\n\n", "trace": "  File \"G:\\Diplom_Roman_Zogol_8\\Diplom_3\\.venv\\Lib\\site-packages\\allure_commons\\_allure.py\", line 192, in impl\n    return func(*a, **kw)\n           ^^^^^^^^^^^^^^\n  File \"G:\\Diplom_Roman_Zogol_8\\Diplom_3\\pages\\base_page.py\", line 129, in wait_create_order_active\n    WebDriverWait(self.driver, 30).until(\n  File \"G:\\Diplom_Roman_Zogol_8\\Diplom_3\\.venv\\Lib\\site-packages\\selenium\\webdriver\\support\\wait.py\", line 105, in until\n    raise TimeoutException(message, screen, stacktrace)\n"}, "start": 1720288558593, "stop": 1720288589071}], "parameters": [{"name": "driver_double", "value": "'firefox'"}], "start": 1720288558080, "stop": 1720288589073, "uuid": "56f48561-8a5d-4d23-997a-e93c952f49ef", "historyId": "ee9c9097e7c2895861b39bd9d2d8813a", "testCaseId": "1ca2d19225bd69cb40d9b122f74ee11f", "fullName": "tests.test_order_list_page.TestOrdersList#test_order_today_count_plus", "labels": [{"name": "parentSuite", "value": "tests"}, {"name": "suite", "value": "test_order_list_page"}, {"name": "subSuite", "value": "TestOrdersList"}, {"name": "host", "value": "DESKTOP-4LHP98R"}, {"name": "thread", "value": "22428-MainThread"}, {"name": "framework", "value": "pytest"}, {"name": "language", "value": "cpython3"}, {"name": "package", "value": "tests.test_order_list_page"}]}