{"name": "заказы пользователя из раздела «История заказов» отображаются на странице «Лента заказов»,", "status": "broken", "statusDetails": {"message": "selenium.common.exceptions.TimeoutException: Message: \nStacktrace:\n\tGetHandleVerifier [0x00007FF63AEEEEA2+31554]\n\t(No symbol) [0x00007FF63AE67ED9]\n\t(No symbol) [0x00007FF63AD2872A]\n\t(No symbol) [0x00007FF63AD78434]\n\t(No symbol) [0x00007FF63AD7853C]\n\t(No symbol) [0x00007FF63ADBF6A7]\n\t(No symbol) [0x00007FF63AD9D06F]\n\t(No symbol) [0x00007FF63ADBC977]\n\t(No symbol) [0x00007FF63AD9CDD3]\n\t(No symbol) [0x00007FF63AD6A33B]\n\t(No symbol) [0x00007FF63AD6AED1]\n\tGetHandleVerifier [0x00007FF63B1F8B1D+3217341]\n\tGetHandleVerifier [0x00007FF63B245AE3+3532675]\n\tGetHandleVerifier [0x00007FF63B23B0E0+3489152]\n\tGetHandleVerifier [0x00007FF63AF9E776+750614]\n\t(No symbol) [0x00007FF63AE7375F]\n\t(No symbol) [0x00007FF63AE6EB14]\n\t(No symbol) [0x00007FF63AE6ECA2]\n\t(No symbol) [0x00007FF63AE5E16F]\n\tBaseThreadInitThunk [0x00007FFCA48D7344+20]\n\tRtlUserThreadStart [0x00007FFCA5A7CC91+33]", "trace": "self = <test_order_list_page.TestOrdersList object at 0x000001310143D2E0>, data_new3 = {'email': 'wburke@example.org', 'name': 'Carol', 'password': '#xR5_81B_8'}\ndriver_double = <selenium.webdriver.chrome.webdriver.WebDriver (session=\"a7ea63f5fe3582de06f96d3bda1c5357\")>\n\n    @allure.title(\"заказы пользователя из раздела «История заказов» отображаются на странице «Лента заказов»,\")\n    def test_get_order_user_page_order_history(self, data_new3, driver_double):\n        basepage = BasePage(driver_double)\n        basepage.click_button_login_account()\n        login = LoginPage(driver_double)\n        login.enter_login_password(data_new3)\n>       basepage.create_order_wait_id_not_999()\n\ntests\\test_order_list_page.py:24: \n_ _ _ _ _ _ _ _ _ _ _ _ _ _ _ _ _ _ _ _ _ _ _ _ _ _ _ _ _ _ _ _ _ _ _ _ _ _ _ _ _ _ _ _ _ _ _ _ _ _ _ _ _ _ _ _ _ _ _ _ _ _ _ _ _ _ _ _ _ _ _ _ _ _ _ _ _ _ _ _ _ _ _ _ _ _ _ _ _ _ _ _ _ _ _ _ _ _ _ _ _ _ \npages\\base_page.py:214: in create_order_wait_id_not_999\n    self.wait_create_order_active()\npages\\base_page.py:129: in wait_create_order_active\n    WebDriverWait(self.driver, 30).until(\n_ _ _ _ _ _ _ _ _ _ _ _ _ _ _ _ _ _ _ _ _ _ _ _ _ _ _ _ _ _ _ _ _ _ _ _ _ _ _ _ _ _ _ _ _ _ _ _ _ _ _ _ _ _ _ _ _ _ _ _ _ _ _ _ _ _ _ _ _ _ _ _ _ _ _ _ _ _ _ _ _ _ _ _ _ _ _ _ _ _ _ _ _ _ _ _ _ _ _ _ _ _ \n\nself = <selenium.webdriver.support.wait.WebDriverWait (session=\"a7ea63f5fe3582de06f96d3bda1c5357\")>, method = <function element_to_be_clickable.<locals>._predicate at 0x000001310148FF60>, message = ''\n\n    def until(self, method: Callable[[D], Union[Literal[False], T]], message: str = \"\") -> T:\n        \"\"\"Calls the method provided with the driver as an argument until the \\\n        return value does not evaluate to ``False``.\n    \n        :param method: callable(WebDriver)\n        :param message: optional message for :exc:`TimeoutException`\n        :returns: the result of the last call to `method`\n        :raises: :exc:`selenium.common.exceptions.TimeoutException` if timeout occurs\n        \"\"\"\n        screen = None\n        stacktrace = None\n    \n        end_time = time.monotonic() + self._timeout\n        while True:\n            try:\n                value = method(self._driver)\n                if value:\n                    return value\n            except self._ignored_exceptions as exc:\n                screen = getattr(exc, \"screen\", None)\n                stacktrace = getattr(exc, \"stacktrace\", None)\n            time.sleep(self._poll)\n            if time.monotonic() > end_time:\n                break\n>       raise TimeoutException(message, screen, stacktrace)\nE       selenium.common.exceptions.TimeoutException: Message: \nE       Stacktrace:\nE       \tGetHandleVerifier [0x00007FF63AEEEEA2+31554]\nE       \t(No symbol) [0x00007FF63AE67ED9]\nE       \t(No symbol) [0x00007FF63AD2872A]\nE       \t(No symbol) [0x00007FF63AD78434]\nE       \t(No symbol) [0x00007FF63AD7853C]\nE       \t(No symbol) [0x00007FF63ADBF6A7]\nE       \t(No symbol) [0x00007FF63AD9D06F]\nE       \t(No symbol) [0x00007FF63ADBC977]\nE       \t(No symbol) [0x00007FF63AD9CDD3]\nE       \t(No symbol) [0x00007FF63AD6A33B]\nE       \t(No symbol) [0x00007FF63AD6AED1]\nE       \tGetHandleVerifier [0x00007FF63B1F8B1D+3217341]\nE       \tGetHandleVerifier [0x00007FF63B245AE3+3532675]\nE       \tGetHandleVerifier [0x00007FF63B23B0E0+3489152]\nE       \tGetHandleVerifier [0x00007FF63AF9E776+750614]\nE       \t(No symbol) [0x00007FF63AE7375F]\nE       \t(No symbol) [0x00007FF63AE6EB14]\nE       \t(No symbol) [0x00007FF63AE6ECA2]\nE       \t(No symbol) [0x00007FF63AE5E16F]\nE       \tBaseThreadInitThunk [0x00007FFCA48D7344+20]\nE       \tRtlUserThreadStart [0x00007FFCA5A7CC91+33]\n\n.venv\\Lib\\site-packages\\selenium\\webdriver\\support\\wait.py:105: TimeoutException"}, "steps": [{"name": "Нажать на кнопку 'Войти в аккаунт'", "status": "passed", "start": 1720288491726, "stop": 1720288491763}, {"name": "Заполнить логин и пароль и войти в аккаунт", "status": "passed", "steps": [{"name": "Заполнить поле \"Email\"", "status": "passed", "parameters": [{"name": "email", "value": "'wburke@example.org'"}], "start": 1720288491763, "stop": 1720288491810}, {"name": "Заполнить поле \"Пароль\"", "status": "passed", "parameters": [{"name": "password", "value": "'#xR5_81B_8'"}], "start": 1720288491810, "stop": 1720288491843}, {"name": "Подождать, что кнопка Вход активна", "status": "passed", "start": 1720288491843, "stop": 1720288491863}, {"name": "Нажать на кнопку \"Войти\"", "status": "passed", "start": 1720288491863, "stop": 1720288491892}], "parameters": [{"name": "data_new3", "value": "{'email': 'wburke@example.org', 'password': '#xR5_81B_8', 'name': 'Carol'}"}], "start": 1720288491763, "stop": 1720288491892}, {"name": "Ожидание что номер заказа != 9999", "status": "broken", "statusDetails": {"message": "selenium.common.exceptions.TimeoutException: Message: \nStacktrace:\n\tGetHandleVerifier [0x00007FF63AEEEEA2+31554]\n\t(No symbol) [0x00007FF63AE67ED9]\n\t(No symbol) [0x00007FF63AD2872A]\n\t(No symbol) [0x00007FF63AD78434]\n\t(No symbol) [0x00007FF63AD7853C]\n\t(No symbol) [0x00007FF63ADBF6A7]\n\t(No symbol) [0x00007FF63AD9D06F]\n\t(No symbol) [0x00007FF63ADBC977]\n\t(No symbol) [0x00007FF63AD9CDD3]\n\t(No symbol) [0x00007FF63AD6A33B]\n\t(No symbol) [0x00007FF63AD6AED1]\n\tGetHandleVerifier [0x00007FF63B1F8B1D+3217341]\n\tGetHandleVerifier [0x00007FF63B245AE3+3532675]\n\tGetHandleVerifier [0x00007FF63B23B0E0+3489152]\n\tGetHandleVerifier [0x00007FF63AF9E776+750614]\n\t(No symbol) [0x00007FF63AE7375F]\n\t(No symbol) [0x00007FF63AE6EB14]\n\t(No symbol) [0x00007FF63AE6ECA2]\n\t(No symbol) [0x00007FF63AE5E16F]\n\tBaseThreadInitThunk [0x00007FFCA48D7344+20]\n\tRtlUserThreadStart [0x00007FFCA5A7CC91+33]\n\n", "trace": "  File \"G:\\Diplom_Roman_Zogol_8\\Diplom_3\\.venv\\Lib\\site-packages\\allure_commons\\_allure.py\", line 192, in impl\n    return func(*a, **kw)\n           ^^^^^^^^^^^^^^\n  File \"G:\\Diplom_Roman_Zogol_8\\Diplom_3\\pages\\base_page.py\", line 214, in create_order_wait_id_not_999\n    self.wait_create_order_active()\n  File \"G:\\Diplom_Roman_Zogol_8\\Diplom_3\\.venv\\Lib\\site-packages\\allure_commons\\_allure.py\", line 192, in impl\n    return func(*a, **kw)\n           ^^^^^^^^^^^^^^\n  File \"G:\\Diplom_Roman_Zogol_8\\Diplom_3\\pages\\base_page.py\", line 129, in wait_create_order_active\n    WebDriverWait(self.driver, 30).until(\n  File \"G:\\Diplom_Roman_Zogol_8\\Diplom_3\\.venv\\Lib\\site-packages\\selenium\\webdriver\\support\\wait.py\", line 105, in until\n    raise TimeoutException(message, screen, stacktrace)\n"}, "steps": [{"name": "Ожидание что создание заказа будет активно", "status": "broken", "statusDetails": {"message": "selenium.common.exceptions.TimeoutException: Message: \nStacktrace:\n\tGetHandleVerifier [0x00007FF63AEEEEA2+31554]\n\t(No symbol) [0x00007FF63AE67ED9]\n\t(No symbol) [0x00007FF63AD2872A]\n\t(No symbol) [0x00007FF63AD78434]\n\t(No symbol) [0x00007FF63AD7853C]\n\t(No symbol) [0x00007FF63ADBF6A7]\n\t(No symbol) [0x00007FF63AD9D06F]\n\t(No symbol) [0x00007FF63ADBC977]\n\t(No symbol) [0x00007FF63AD9CDD3]\n\t(No symbol) [0x00007FF63AD6A33B]\n\t(No symbol) [0x00007FF63AD6AED1]\n\tGetHandleVerifier [0x00007FF63B1F8B1D+3217341]\n\tGetHandleVerifier [0x00007FF63B245AE3+3532675]\n\tGetHandleVerifier [0x00007FF63B23B0E0+3489152]\n\tGetHandleVerifier [0x00007FF63AF9E776+750614]\n\t(No symbol) [0x00007FF63AE7375F]\n\t(No symbol) [0x00007FF63AE6EB14]\n\t(No symbol) [0x00007FF63AE6ECA2]\n\t(No symbol) [0x00007FF63AE5E16F]\n\tBaseThreadInitThunk [0x00007FFCA48D7344+20]\n\tRtlUserThreadStart [0x00007FFCA5A7CC91+33]\n\n", "trace": "  File \"G:\\Diplom_Roman_Zogol_8\\Diplom_3\\.venv\\Lib\\site-packages\\allure_commons\\_allure.py\", line 192, in impl\n    return func(*a, **kw)\n           ^^^^^^^^^^^^^^\n  File \"G:\\Diplom_Roman_Zogol_8\\Diplom_3\\pages\\base_page.py\", line 129, in wait_create_order_active\n    WebDriverWait(self.driver, 30).until(\n  File \"G:\\Diplom_Roman_Zogol_8\\Diplom_3\\.venv\\Lib\\site-packages\\selenium\\webdriver\\support\\wait.py\", line 105, in until\n    raise TimeoutException(message, screen, stacktrace)\n"}, "start": 1720288491892, "stop": 1720288522084}], "start": 1720288491892, "stop": 1720288522087}], "parameters": [{"name": "driver_double", "value": "'chrome'"}], "start": 1720288491726, "stop": 1720288522090, "uuid": "4faaa9ad-f660-4804-95cd-75cc79fccff9", "historyId": "e1bcd2f8429666401f9501384ba76fa3", "testCaseId": "7fe23f328dc04b823de566245d5b5692", "fullName": "tests.test_order_list_page.TestOrdersList#test_get_order_user_page_order_history", "labels": [{"name": "parentSuite", "value": "tests"}, {"name": "suite", "value": "test_order_list_page"}, {"name": "subSuite", "value": "TestOrdersList"}, {"name": "host", "value": "DESKTOP-4LHP98R"}, {"name": "thread", "value": "22428-MainThread"}, {"name": "framework", "value": "pytest"}, {"name": "language", "value": "cpython3"}, {"name": "package", "value": "tests.test_order_list_page"}]}